Using pre-set license
Built from '2020.3/staging' branch; Version is '2020.3.17f1 (a4537701e4ab) revision 10769271'; Using compiler version '192528614'; Build Type 'Release'
OS: 'Windows 10 Pro; OS build 18363.1556; Version 1909; 64bit' Language: 'cs' Physical Memory: 16319 MB
BatchMode: 1, IsHumanControllingUs: 0, StartBugReporterOnCrash: 0, Is64bit: 1, IsPro: 0

COMMAND LINE ARGUMENTS:
C:\Program Files\Unity\Hub\Editor\2020.3.17f1\Editor\Unity.exe
-adb2
-batchMode
-noUpm
-name
AssetImportWorker0
-projectPath
E:/Github/Projekt-2021-22/Projekt_2021
-logFile
Logs/AssetImportWorker0.log
-srvPort
51061
Successfully changed project path to: E:/Github/Projekt-2021-22/Projekt_2021
E:/Github/Projekt-2021-22/Projekt_2021
Using Asset Import Pipeline V2.
Refreshing native plugins compatible for Editor in 59.35 ms, found 2 plugins.
Preloading 0 native plugins for Editor in 0.00 ms.
Initialize engine version: 2020.3.17f1 (a4537701e4ab)
[Subsystems] Discovering subsystems at path C:/Program Files/Unity/Hub/Editor/2020.3.17f1/Editor/Data/Resources/UnitySubsystems
[Subsystems] Discovering subsystems at path E:/Github/Projekt-2021-22/Projekt_2021/Assets
GfxDevice: creating device client; threaded=0
Direct3D:
    Version:  Direct3D 11.0 [level 11.1]
    Renderer: NVIDIA GeForce GTX 1070 Ti (ID=0x1b82)
    Vendor:   
    VRAM:     8079 MB
    Driver:   30.0.14.7212
Initialize mono
Mono path[0] = 'C:/Program Files/Unity/Hub/Editor/2020.3.17f1/Editor/Data/Managed'
Mono path[1] = 'C:/Program Files/Unity/Hub/Editor/2020.3.17f1/Editor/Data/MonoBleedingEdge/lib/mono/unityjit'
Mono config path = 'C:/Program Files/Unity/Hub/Editor/2020.3.17f1/Editor/Data/MonoBleedingEdge/etc'
Using monoOptions --debugger-agent=transport=dt_socket,embedding=1,server=y,suspend=n,address=127.0.0.1:56792
Begin MonoManager ReloadAssembly
Registering precompiled unity dll's ...
Register platform support module: C:/Program Files/Unity/Hub/Editor/2020.3.17f1/Editor/Data/PlaybackEngines/WindowsStandaloneSupport/UnityEditor.WindowsStandalone.Extensions.dll
Registered in 0.001850 seconds.
Native extension for WindowsStandalone target not found
Refreshing native plugins compatible for Editor in 53.25 ms, found 2 plugins.
Preloading 0 native plugins for Editor in 0.00 ms.
Mono: successfully reloaded assembly
- Completed reload, in  1.113 seconds
Domain Reload Profiling:
	ReloadAssembly (1113ms)
		BeginReloadAssembly (59ms)
			ExecutionOrderSort (0ms)
			DisableScriptedObjects (0ms)
			BackupInstance (0ms)
			ReleaseScriptingObjects (0ms)
			CreateAndSetChildDomain (1ms)
		EndReloadAssembly (447ms)
			LoadAssemblies (55ms)
			RebuildTransferFunctionScriptingTraits (0ms)
			SetupTypeCache (154ms)
			ReleaseScriptCaches (0ms)
			RebuildScriptCaches (37ms)
			SetupLoadedEditorAssemblies (190ms)
				LogAssemblyErrors (0ms)
				InitializePlatformSupportModulesInManaged (4ms)
				SetLoadedEditorAssemblies (0ms)
				RefreshPlugins (53ms)
				BeforeProcessingInitializeOnLoad (14ms)
				ProcessInitializeOnLoadAttributes (90ms)
				ProcessInitializeOnLoadMethodAttributes (29ms)
				AfterProcessingInitializeOnLoad (0ms)
				EditorAssembliesLoaded (0ms)
			ExecutionOrderSort2 (0ms)
			AwakeInstancesAfterBackupRestoration (0ms)
Platform modules already initialized, skipping
Registering precompiled user dll's ...
Registered in 0.003380 seconds.
Begin MonoManager ReloadAssembly
Native extension for WindowsStandalone target not found
Refreshing native plugins compatible for Editor in 50.76 ms, found 2 plugins.
Preloading 0 native plugins for Editor in 0.00 ms.
Mono: successfully reloaded assembly
- Completed reload, in  1.226 seconds
Domain Reload Profiling:
	ReloadAssembly (1227ms)
		BeginReloadAssembly (150ms)
			ExecutionOrderSort (0ms)
			DisableScriptedObjects (6ms)
			BackupInstance (0ms)
			ReleaseScriptingObjects (0ms)
			CreateAndSetChildDomain (19ms)
		EndReloadAssembly (1012ms)
			LoadAssemblies (88ms)
			RebuildTransferFunctionScriptingTraits (0ms)
			SetupTypeCache (326ms)
			ReleaseScriptCaches (0ms)
			RebuildScriptCaches (49ms)
			SetupLoadedEditorAssemblies (426ms)
				LogAssemblyErrors (0ms)
				InitializePlatformSupportModulesInManaged (4ms)
				SetLoadedEditorAssemblies (0ms)
				RefreshPlugins (51ms)
				BeforeProcessingInitializeOnLoad (82ms)
				ProcessInitializeOnLoadAttributes (278ms)
				ProcessInitializeOnLoadMethodAttributes (5ms)
				AfterProcessingInitializeOnLoad (6ms)
				EditorAssembliesLoaded (0ms)
			ExecutionOrderSort2 (0ms)
			AwakeInstancesAfterBackupRestoration (7ms)
Platform modules already initialized, skipping
========================================================================
Worker process is ready to serve import requests
Launched and connected shader compiler UnityShaderCompiler.exe after 0.07 seconds
Refreshing native plugins compatible for Editor in 0.43 ms, found 2 plugins.
Preloading 0 native plugins for Editor in 0.00 ms.
Unloading 2716 Unused Serialized files (Serialized files now loaded: 0)
System memory in use before: 128.1 MB.
System memory in use after: 128.3 MB.

Unloading 18 unused Assets to reduce memory usage. Loaded Objects now: 3166.
Total: 3.775900 ms (FindLiveObjects: 0.224800 ms CreateObjectMapping: 0.117500 ms MarkObjects: 3.406000 ms  DeleteObjects: 0.026400 ms)

AssetImportParameters requested are different than current active one (requested -> active):
  custom:framework-win-MediaFoundation: 216162199b28c13a410421893ffa2e32 -> 
  custom:video-decoder-ogg-theora: a1e56fd34408186e4bbccfd4996cb3dc -> 
  custom:container-muxer-webm: aa71ff27fc2769a1b78a27578f13a17b -> 
  custom:container-demuxer-webm: 4f35f7cbe854078d1ac9338744f61a02 -> 
  custom:container-demuxer-ogg: 62fdf1f143b41e24485cea50d1cbac27 -> 
  custom:video-encoder-webm-vp8: eb34c28f22e8b96e1ab97ce403110664 -> 
  custom:video-decoder-webm-vp8: 9c59270c3fd7afecdb556c50c9e8de78 -> 
  custom:audio-decoder-ogg-vorbis: bf7c407c2cedff20999df2af8eb42d56 -> 
  custom:audio-encoder-webm-vorbis: bf7c407c2cedff20999df2af8eb42d56 -> 
========================================================================
Received Import Request.
  path: Assets/New Material.mat
  artifactKey: Guid(9757f8abd04d66048a486b9114b2ae8b) Importer(815301076,1909f56bfc062723c751e8b465ee728b)
Start importing Assets/New Material.mat using Guid(9757f8abd04d66048a486b9114b2ae8b) Importer(815301076,1909f56bfc062723c751e8b465ee728b)  -> (artifact id: '43add4f2993ae762475ced7c815b17a2') in 0.234753 seconds 
  Import took 0.238496 seconds .

========================================================================
Received Import Request.
  Time since last request: 18.925865 seconds.
  path: Assets/Graphics
  artifactKey: Guid(abc98c3940a80b346bc96081ceaa7b85) Importer(815301076,1909f56bfc062723c751e8b465ee728b)
Start importing Assets/Graphics using Guid(abc98c3940a80b346bc96081ceaa7b85) Importer(815301076,1909f56bfc062723c751e8b465ee728b)  -> (artifact id: '48899f0e9a4be1d99f28da60334abc49') in 0.005234 seconds 
  Import took 0.030087 seconds .

========================================================================
Received Import Request.
  Time since last request: 0.017328 seconds.
  path: Assets/Graphics/mars.hdr
  artifactKey: Guid(b4b50a9b287d7674fa240f0d24e40b17) Importer(815301076,1909f56bfc062723c751e8b465ee728b)
Start importing Assets/Graphics/mars.hdr using Guid(b4b50a9b287d7674fa240f0d24e40b17) Importer(815301076,1909f56bfc062723c751e8b465ee728b)  -> (artifact id: '554e5d25dc25472a967a4fdc31ede4ea') in 0.175331 seconds 
  Import took 0.196698 seconds .

========================================================================
Received Import Request.
  Time since last request: 0.000177 seconds.
  path: Assets/Graphics/Stamina_Background.png
  artifactKey: Guid(3ac4a91cd5c89b54b85ef56001cd5140) Importer(815301076,1909f56bfc062723c751e8b465ee728b)
Start importing Assets/Graphics/Stamina_Background.png using Guid(3ac4a91cd5c89b54b85ef56001cd5140) Importer(815301076,1909f56bfc062723c751e8b465ee728b)  -> (artifact id: '9a251fd24afd445a1e01d19630dc8872') in 0.028629 seconds 
  Import took 0.035909 seconds .

========================================================================
Received Import Request.
  Time since last request: 0.000216 seconds.
  path: Assets/Graphics/skybox.mat
  artifactKey: Guid(7ba9950bb63a6e145a7097e0d203f6d2) Importer(815301076,1909f56bfc062723c751e8b465ee728b)
Start importing Assets/Graphics/skybox.mat using Guid(7ba9950bb63a6e145a7097e0d203f6d2) Importer(815301076,1909f56bfc062723c751e8b465ee728b)  -> (artifact id: 'ea242441b8178f62140e07aabda55400') in 0.088179 seconds 
  Import took 0.099636 seconds .

========================================================================
Received Import Request.
  Time since last request: 0.000232 seconds.
  path: Assets/Graphics/Skyboxando.mat
  artifactKey: Guid(dc1046cb644fc0247aab522890626283) Importer(815301076,1909f56bfc062723c751e8b465ee728b)
Start importing Assets/Graphics/Skyboxando.mat using Guid(dc1046cb644fc0247aab522890626283) Importer(815301076,1909f56bfc062723c751e8b465ee728b)  -> (artifact id: '0539171d9ca4127b24fe79dd18cf805b') in 0.035017 seconds 
  Import took 0.039533 seconds .

========================================================================
Received Import Request.
  Time since last request: 0.000199 seconds.
  path: Assets/Graphics/omega canis.hdr
  artifactKey: Guid(d2962b3824a8fe54ab192956be2b9dd3) Importer(815301076,1909f56bfc062723c751e8b465ee728b)
Start importing Assets/Graphics/omega canis.hdr using Guid(d2962b3824a8fe54ab192956be2b9dd3) Importer(815301076,1909f56bfc062723c751e8b465ee728b)  -> (artifact id: 'd411517b49e7b3a1c9208573ac8f1ea1') in 0.084125 seconds 
  Import took 0.105742 seconds .

========================================================================
Received Import Request.
  Time since last request: 0.000202 seconds.
  path: Assets/Graphics/Stamina_BG1.png
  artifactKey: Guid(87efcb51f8e070b4b804ae304d112767) Importer(815301076,1909f56bfc062723c751e8b465ee728b)
Start importing Assets/Graphics/Stamina_BG1.png using Guid(87efcb51f8e070b4b804ae304d112767) Importer(815301076,1909f56bfc062723c751e8b465ee728b)  -> (artifact id: '672bb065556d1bc87bd7335a66f1190b') in 0.012938 seconds 
  Import took 0.017402 seconds .

========================================================================
Received Import Request.
  Time since last request: 8.714339 seconds.
  path: Assets/Scenes/Ship.unity
  artifactKey: Guid(8b0a00d7c20725f46a35fd4477960a34) Importer(815301076,1909f56bfc062723c751e8b465ee728b)
Start importing Assets/Scenes/Ship.unity using Guid(8b0a00d7c20725f46a35fd4477960a34) Importer(815301076,1909f56bfc062723c751e8b465ee728b)  -> (artifact id: '74bb559a07326642497470dbfaf1c0e0') in 0.005393 seconds 
  Import took 0.015718 seconds .

AssetImportWorkerClient::OnTransportError - code=2 error=End of file
